[2026-03-03 22:50:45.502] [info] Updating Model file from 40000 to latest format...
[2026-03-03 22:50:45.517] [info] Loaded model 3DGaitModel2392 from file gait2392_simbody.osim
[2026-03-03 22:50:45.518] [warning] Couldn't find file 'treadmill.vtp'.
[2026-03-03 22:50:45.518] [warning] Couldn't find file 'sacrum.vtp'.
[2026-03-03 22:50:45.519] [warning] Couldn't find file 'pelvis.vtp'.
[2026-03-03 22:50:45.519] [warning] Couldn't find file 'l_pelvis.vtp'.
[2026-03-03 22:50:45.519] [warning] Couldn't find file 'femur_r.vtp'.
[2026-03-03 22:50:45.519] [warning] Couldn't find file 'tibia_r.vtp'.
[2026-03-03 22:50:45.520] [warning] Couldn't find file 'fibula.vtp'.
[2026-03-03 22:50:45.520] [warning] Couldn't find file 'talus.vtp'.
[2026-03-03 22:50:45.520] [warning] Couldn't find file 'foot.vtp'.
[2026-03-03 22:50:45.520] [warning] Couldn't find file 'bofoot.vtp'.
[2026-03-03 22:50:45.521] [warning] Couldn't find file 'femur_l.vtp'.
[2026-03-03 22:50:45.521] [warning] Couldn't find file 'tibia_l.vtp'.
[2026-03-03 22:50:45.521] [warning] Couldn't find file 'l_fibula.vtp'.
[2026-03-03 22:50:45.521] [warning] Couldn't find file 'l_talus.vtp'.
[2026-03-03 22:50:45.521] [warning] Couldn't find file 'l_foot.vtp'.
[2026-03-03 22:50:45.522] [warning] Couldn't find file 'l_bofoot.vtp'.
[2026-03-03 22:50:45.522] [warning] Couldn't find file 'hat_spine.vtp'.
[2026-03-03 22:50:45.522] [warning] Couldn't find file 'hat_jaw.vtp'.
[2026-03-03 22:50:45.522] [warning] Couldn't find file 'hat_skull.vtp'.
[2026-03-03 22:50:45.522] [warning] Couldn't find file 'hat_ribs.vtp'.
[2026-03-03 22:53:17.906] [info] Updating Model file from 40000 to latest format...
[2026-03-03 22:53:17.923] [info] Loaded model 3DGaitModel2392 from file gait2392_simbody.osim
[2026-03-03 22:53:17.924] [warning] Couldn't find file 'treadmill.vtp'.
[2026-03-03 22:53:17.924] [warning] Couldn't find file 'sacrum.vtp'.
[2026-03-03 22:53:17.924] [warning] Couldn't find file 'pelvis.vtp'.
[2026-03-03 22:53:17.924] [warning] Couldn't find file 'l_pelvis.vtp'.
[2026-03-03 22:53:17.924] [warning] Couldn't find file 'femur_r.vtp'.
[2026-03-03 22:53:17.924] [warning] Couldn't find file 'tibia_r.vtp'.
[2026-03-03 22:53:17.924] [warning] Couldn't find file 'fibula.vtp'.
[2026-03-03 22:53:17.924] [warning] Couldn't find file 'talus.vtp'.
[2026-03-03 22:53:17.924] [warning] Couldn't find file 'foot.vtp'.
[2026-03-03 22:53:17.924] [warning] Couldn't find file 'bofoot.vtp'.
[2026-03-03 22:53:17.924] [warning] Couldn't find file 'femur_l.vtp'.
[2026-03-03 22:53:17.924] [warning] Couldn't find file 'tibia_l.vtp'.
[2026-03-03 22:53:17.924] [warning] Couldn't find file 'l_fibula.vtp'.
[2026-03-03 22:53:17.924] [warning] Couldn't find file 'l_talus.vtp'.
[2026-03-03 22:53:17.924] [warning] Couldn't find file 'l_foot.vtp'.
[2026-03-03 22:53:17.925] [warning] Couldn't find file 'l_bofoot.vtp'.
[2026-03-03 22:53:17.925] [warning] Couldn't find file 'hat_spine.vtp'.
[2026-03-03 22:53:17.925] [warning] Couldn't find file 'hat_jaw.vtp'.
[2026-03-03 22:53:17.925] [warning] Couldn't find file 'hat_skull.vtp'.
[2026-03-03 22:53:17.925] [warning] Couldn't find file 'hat_ribs.vtp'.
[2026-03-04 11:31:18.076] [info] Updating Model file from 40000 to latest format...
[2026-03-04 11:31:18.134] [info] Loaded model 3DGaitModel2392 from file gait2392_simbody.osim
[2026-03-04 11:31:18.135] [warning] Couldn't find file 'treadmill.vtp'.
[2026-03-04 11:31:18.135] [warning] Couldn't find file 'sacrum.vtp'.
[2026-03-04 11:31:18.135] [warning] Couldn't find file 'pelvis.vtp'.
[2026-03-04 11:31:18.135] [warning] Couldn't find file 'l_pelvis.vtp'.
[2026-03-04 11:31:18.135] [warning] Couldn't find file 'femur_r.vtp'.
[2026-03-04 11:31:18.135] [warning] Couldn't find file 'tibia_r.vtp'.
[2026-03-04 11:31:18.135] [warning] Couldn't find file 'fibula.vtp'.
[2026-03-04 11:31:18.136] [warning] Couldn't find file 'talus.vtp'.
[2026-03-04 11:31:18.136] [warning] Couldn't find file 'foot.vtp'.
[2026-03-04 11:31:18.136] [warning] Couldn't find file 'bofoot.vtp'.
[2026-03-04 11:31:18.136] [warning] Couldn't find file 'femur_l.vtp'.
[2026-03-04 11:31:18.136] [warning] Couldn't find file 'tibia_l.vtp'.
[2026-03-04 11:31:18.136] [warning] Couldn't find file 'l_fibula.vtp'.
[2026-03-04 11:31:18.136] [warning] Couldn't find file 'l_talus.vtp'.
[2026-03-04 11:31:18.136] [warning] Couldn't find file 'l_foot.vtp'.
[2026-03-04 11:31:18.136] [warning] Couldn't find file 'l_bofoot.vtp'.
[2026-03-04 11:31:18.136] [warning] Couldn't find file 'hat_spine.vtp'.
[2026-03-04 11:31:18.136] [warning] Couldn't find file 'hat_jaw.vtp'.
[2026-03-04 11:31:18.136] [warning] Couldn't find file 'hat_skull.vtp'.
[2026-03-04 11:31:18.136] [warning] Couldn't find file 'hat_ribs.vtp'.
[2026-03-04 11:36:38.913] [info] Updating Model file from 40000 to latest format...
[2026-03-04 11:36:38.935] [info] Loaded model 3DGaitModel2392 from file gait2392_simbody.osim
[2026-03-04 11:36:38.935] [warning] Couldn't find file 'treadmill.vtp'.
[2026-03-04 11:36:38.936] [warning] Couldn't find file 'sacrum.vtp'.
[2026-03-04 11:36:38.936] [warning] Couldn't find file 'pelvis.vtp'.
[2026-03-04 11:36:38.936] [warning] Couldn't find file 'l_pelvis.vtp'.
[2026-03-04 11:36:38.936] [warning] Couldn't find file 'femur_r.vtp'.
[2026-03-04 11:36:38.936] [warning] Couldn't find file 'tibia_r.vtp'.
[2026-03-04 11:36:38.936] [warning] Couldn't find file 'fibula.vtp'.
[2026-03-04 11:36:38.936] [warning] Couldn't find file 'talus.vtp'.
[2026-03-04 11:36:38.936] [warning] Couldn't find file 'foot.vtp'.
[2026-03-04 11:36:38.936] [warning] Couldn't find file 'bofoot.vtp'.
[2026-03-04 11:36:38.936] [warning] Couldn't find file 'femur_l.vtp'.
[2026-03-04 11:36:38.936] [warning] Couldn't find file 'tibia_l.vtp'.
[2026-03-04 11:36:38.936] [warning] Couldn't find file 'l_fibula.vtp'.
[2026-03-04 11:36:38.936] [warning] Couldn't find file 'l_talus.vtp'.
[2026-03-04 11:36:38.936] [warning] Couldn't find file 'l_foot.vtp'.
[2026-03-04 11:36:38.936] [warning] Couldn't find file 'l_bofoot.vtp'.
[2026-03-04 11:36:38.936] [warning] Couldn't find file 'hat_spine.vtp'.
[2026-03-04 11:36:38.936] [warning] Couldn't find file 'hat_jaw.vtp'.
[2026-03-04 11:36:38.936] [warning] Couldn't find file 'hat_skull.vtp'.
[2026-03-04 11:36:38.936] [warning] Couldn't find file 'hat_ribs.vtp'.
[2026-03-04 11:37:56.508] [info] Updating Model file from 40000 to latest format...
[2026-03-04 11:37:56.526] [info] Loaded model 3DGaitModel2392 from file gait2392_simbody.osim
[2026-03-04 11:37:56.527] [warning] Couldn't find file 'treadmill.vtp'.
[2026-03-04 11:37:56.527] [warning] Couldn't find file 'sacrum.vtp'.
[2026-03-04 11:37:56.527] [warning] Couldn't find file 'pelvis.vtp'.
[2026-03-04 11:37:56.527] [warning] Couldn't find file 'l_pelvis.vtp'.
[2026-03-04 11:37:56.527] [warning] Couldn't find file 'femur_r.vtp'.
[2026-03-04 11:37:56.527] [warning] Couldn't find file 'tibia_r.vtp'.
[2026-03-04 11:37:56.528] [warning] Couldn't find file 'fibula.vtp'.
[2026-03-04 11:37:56.528] [warning] Couldn't find file 'talus.vtp'.
[2026-03-04 11:37:56.528] [warning] Couldn't find file 'foot.vtp'.
[2026-03-04 11:37:56.528] [warning] Couldn't find file 'bofoot.vtp'.
[2026-03-04 11:37:56.528] [warning] Couldn't find file 'femur_l.vtp'.
[2026-03-04 11:37:56.528] [warning] Couldn't find file 'tibia_l.vtp'.
[2026-03-04 11:37:56.528] [warning] Couldn't find file 'l_fibula.vtp'.
[2026-03-04 11:37:56.528] [warning] Couldn't find file 'l_talus.vtp'.
[2026-03-04 11:37:56.528] [warning] Couldn't find file 'l_foot.vtp'.
[2026-03-04 11:37:56.528] [warning] Couldn't find file 'l_bofoot.vtp'.
[2026-03-04 11:37:56.529] [warning] Couldn't find file 'hat_spine.vtp'.
[2026-03-04 11:37:56.529] [warning] Couldn't find file 'hat_jaw.vtp'.
[2026-03-04 11:37:56.529] [warning] Couldn't find file 'hat_skull.vtp'.
[2026-03-04 11:37:56.529] [warning] Couldn't find file 'hat_ribs.vtp'.
[2026-03-04 11:43:54.955] [info] Updating Model file from 40000 to latest format...
[2026-03-04 11:43:54.972] [info] Loaded model 3DGaitModel2392 from file gait2392_simbody.osim
[2026-03-04 11:43:54.973] [warning] Couldn't find file 'treadmill.vtp'.
[2026-03-04 11:43:54.973] [warning] Couldn't find file 'sacrum.vtp'.
[2026-03-04 11:43:54.973] [warning] Couldn't find file 'pelvis.vtp'.
[2026-03-04 11:43:54.973] [warning] Couldn't find file 'l_pelvis.vtp'.
[2026-03-04 11:43:54.973] [warning] Couldn't find file 'femur_r.vtp'.
[2026-03-04 11:43:54.973] [warning] Couldn't find file 'tibia_r.vtp'.
[2026-03-04 11:43:54.973] [warning] Couldn't find file 'fibula.vtp'.
[2026-03-04 11:43:54.973] [warning] Couldn't find file 'talus.vtp'.
[2026-03-04 11:43:54.973] [warning] Couldn't find file 'foot.vtp'.
[2026-03-04 11:43:54.973] [warning] Couldn't find file 'bofoot.vtp'.
[2026-03-04 11:43:54.973] [warning] Couldn't find file 'femur_l.vtp'.
[2026-03-04 11:43:54.973] [warning] Couldn't find file 'tibia_l.vtp'.
[2026-03-04 11:43:54.973] [warning] Couldn't find file 'l_fibula.vtp'.
[2026-03-04 11:43:54.973] [warning] Couldn't find file 'l_talus.vtp'.
[2026-03-04 11:43:54.973] [warning] Couldn't find file 'l_foot.vtp'.
[2026-03-04 11:43:54.973] [warning] Couldn't find file 'l_bofoot.vtp'.
[2026-03-04 11:43:54.973] [warning] Couldn't find file 'hat_spine.vtp'.
[2026-03-04 11:43:54.973] [warning] Couldn't find file 'hat_jaw.vtp'.
[2026-03-04 11:43:54.973] [warning] Couldn't find file 'hat_skull.vtp'.
[2026-03-04 11:43:54.974] [warning] Couldn't find file 'hat_ribs.vtp'.
[2026-03-04 11:44:14.838] [info] Updating Model file from 40000 to latest format...
[2026-03-04 11:44:14.854] [info] Loaded model 3DGaitModel2392 from file gait2392_simbody.osim
[2026-03-04 11:44:14.855] [warning] Couldn't find file 'treadmill.vtp'.
[2026-03-04 11:44:14.855] [warning] Couldn't find file 'sacrum.vtp'.
[2026-03-04 11:44:14.855] [warning] Couldn't find file 'pelvis.vtp'.
[2026-03-04 11:44:14.855] [warning] Couldn't find file 'l_pelvis.vtp'.
[2026-03-04 11:44:14.855] [warning] Couldn't find file 'femur_r.vtp'.
[2026-03-04 11:44:14.855] [warning] Couldn't find file 'tibia_r.vtp'.
[2026-03-04 11:44:14.855] [warning] Couldn't find file 'fibula.vtp'.
[2026-03-04 11:44:14.855] [warning] Couldn't find file 'talus.vtp'.
[2026-03-04 11:44:14.855] [warning] Couldn't find file 'foot.vtp'.
[2026-03-04 11:44:14.855] [warning] Couldn't find file 'bofoot.vtp'.
[2026-03-04 11:44:14.855] [warning] Couldn't find file 'femur_l.vtp'.
[2026-03-04 11:44:14.855] [warning] Couldn't find file 'tibia_l.vtp'.
[2026-03-04 11:44:14.855] [warning] Couldn't find file 'l_fibula.vtp'.
[2026-03-04 11:44:14.855] [warning] Couldn't find file 'l_talus.vtp'.
[2026-03-04 11:44:14.855] [warning] Couldn't find file 'l_foot.vtp'.
[2026-03-04 11:44:14.855] [warning] Couldn't find file 'l_bofoot.vtp'.
[2026-03-04 11:44:14.855] [warning] Couldn't find file 'hat_spine.vtp'.
[2026-03-04 11:44:14.855] [warning] Couldn't find file 'hat_jaw.vtp'.
[2026-03-04 11:44:14.855] [warning] Couldn't find file 'hat_skull.vtp'.
[2026-03-04 11:44:14.855] [warning] Couldn't find file 'hat_ribs.vtp'.
[2026-03-04 12:33:07.352] [info] Updating Model file from 40000 to latest format...
[2026-03-04 12:33:07.407] [info] Loaded model 3DGaitModel2392 from file gait2392_simbody.osim
[2026-03-04 12:33:07.408] [warning] Couldn't find file 'treadmill.vtp'.
[2026-03-04 12:33:07.408] [warning] Couldn't find file 'sacrum.vtp'.
[2026-03-04 12:33:07.409] [warning] Couldn't find file 'pelvis.vtp'.
[2026-03-04 12:33:07.409] [warning] Couldn't find file 'l_pelvis.vtp'.
[2026-03-04 12:33:07.409] [warning] Couldn't find file 'femur_r.vtp'.
[2026-03-04 12:33:07.409] [warning] Couldn't find file 'tibia_r.vtp'.
[2026-03-04 12:33:07.409] [warning] Couldn't find file 'fibula.vtp'.
[2026-03-04 12:33:07.409] [warning] Couldn't find file 'talus.vtp'.
[2026-03-04 12:33:07.409] [warning] Couldn't find file 'foot.vtp'.
[2026-03-04 12:33:07.409] [warning] Couldn't find file 'bofoot.vtp'.
[2026-03-04 12:33:07.409] [warning] Couldn't find file 'femur_l.vtp'.
[2026-03-04 12:33:07.409] [warning] Couldn't find file 'tibia_l.vtp'.
[2026-03-04 12:33:07.409] [warning] Couldn't find file 'l_fibula.vtp'.
[2026-03-04 12:33:07.409] [warning] Couldn't find file 'l_talus.vtp'.
[2026-03-04 12:33:07.409] [warning] Couldn't find file 'l_foot.vtp'.
[2026-03-04 12:33:07.409] [warning] Couldn't find file 'l_bofoot.vtp'.
[2026-03-04 12:33:07.409] [warning] Couldn't find file 'hat_spine.vtp'.
[2026-03-04 12:33:07.409] [warning] Couldn't find file 'hat_jaw.vtp'.
[2026-03-04 12:33:07.409] [warning] Couldn't find file 'hat_skull.vtp'.
[2026-03-04 12:33:07.409] [warning] Couldn't find file 'hat_ribs.vtp'.
[2026-03-04 12:33:24.380] [info] Updating Model file from 40000 to latest format...
[2026-03-04 12:33:24.397] [info] Loaded model 3DGaitModel2392 from file gait2392_simbody.osim
[2026-03-04 12:33:24.398] [warning] Couldn't find file 'treadmill.vtp'.
[2026-03-04 12:33:24.398] [warning] Couldn't find file 'sacrum.vtp'.
[2026-03-04 12:33:24.398] [warning] Couldn't find file 'pelvis.vtp'.
[2026-03-04 12:33:24.398] [warning] Couldn't find file 'l_pelvis.vtp'.
[2026-03-04 12:33:24.398] [warning] Couldn't find file 'femur_r.vtp'.
[2026-03-04 12:33:24.398] [warning] Couldn't find file 'tibia_r.vtp'.
[2026-03-04 12:33:24.398] [warning] Couldn't find file 'fibula.vtp'.
[2026-03-04 12:33:24.398] [warning] Couldn't find file 'talus.vtp'.
[2026-03-04 12:33:24.398] [warning] Couldn't find file 'foot.vtp'.
[2026-03-04 12:33:24.398] [warning] Couldn't find file 'bofoot.vtp'.
[2026-03-04 12:33:24.398] [warning] Couldn't find file 'femur_l.vtp'.
[2026-03-04 12:33:24.398] [warning] Couldn't find file 'tibia_l.vtp'.
[2026-03-04 12:33:24.398] [warning] Couldn't find file 'l_fibula.vtp'.
[2026-03-04 12:33:24.398] [warning] Couldn't find file 'l_talus.vtp'.
[2026-03-04 12:33:24.398] [warning] Couldn't find file 'l_foot.vtp'.
[2026-03-04 12:33:24.398] [warning] Couldn't find file 'l_bofoot.vtp'.
[2026-03-04 12:33:24.398] [warning] Couldn't find file 'hat_spine.vtp'.
[2026-03-04 12:33:24.399] [warning] Couldn't find file 'hat_jaw.vtp'.
[2026-03-04 12:33:24.399] [warning] Couldn't find file 'hat_skull.vtp'.
[2026-03-04 12:33:24.399] [warning] Couldn't find file 'hat_ribs.vtp'.
[2026-03-04 15:19:15.896] [info] Updating Model file from 40000 to latest format...
[2026-03-04 15:19:15.915] [info] Loaded model 3DGaitModel2392 from file gait2392_simbody.osim
[2026-03-04 15:19:15.916] [warning] Couldn't find file 'treadmill.vtp'.
[2026-03-04 15:19:15.916] [warning] Couldn't find file 'sacrum.vtp'.
[2026-03-04 15:19:15.916] [warning] Couldn't find file 'pelvis.vtp'.
[2026-03-04 15:19:15.916] [warning] Couldn't find file 'l_pelvis.vtp'.
[2026-03-04 15:19:15.916] [warning] Couldn't find file 'femur_r.vtp'.
[2026-03-04 15:19:15.916] [warning] Couldn't find file 'tibia_r.vtp'.
[2026-03-04 15:19:15.916] [warning] Couldn't find file 'fibula.vtp'.
[2026-03-04 15:19:15.916] [warning] Couldn't find file 'talus.vtp'.
[2026-03-04 15:19:15.917] [warning] Couldn't find file 'foot.vtp'.
[2026-03-04 15:19:15.917] [warning] Couldn't find file 'bofoot.vtp'.
[2026-03-04 15:19:15.917] [warning] Couldn't find file 'femur_l.vtp'.
[2026-03-04 15:19:15.917] [warning] Couldn't find file 'tibia_l.vtp'.
[2026-03-04 15:19:15.917] [warning] Couldn't find file 'l_fibula.vtp'.
[2026-03-04 15:19:15.917] [warning] Couldn't find file 'l_talus.vtp'.
[2026-03-04 15:19:15.917] [warning] Couldn't find file 'l_foot.vtp'.
[2026-03-04 15:19:15.917] [warning] Couldn't find file 'l_bofoot.vtp'.
[2026-03-04 15:19:15.917] [warning] Couldn't find file 'hat_spine.vtp'.
[2026-03-04 15:19:15.917] [warning] Couldn't find file 'hat_jaw.vtp'.
[2026-03-04 15:19:15.917] [warning] Couldn't find file 'hat_skull.vtp'.
[2026-03-04 15:19:15.917] [warning] Couldn't find file 'hat_ribs.vtp'.
[2026-03-04 15:19:47.142] [info] Updating Model file from 40000 to latest format...
[2026-03-04 15:19:47.164] [info] Loaded model 3DGaitModel2392 from file gait2392_simbody.osim
[2026-03-04 15:19:47.164] [warning] Couldn't find file 'treadmill.vtp'.
[2026-03-04 15:19:47.164] [warning] Couldn't find file 'sacrum.vtp'.
[2026-03-04 15:19:47.164] [warning] Couldn't find file 'pelvis.vtp'.
[2026-03-04 15:19:47.164] [warning] Couldn't find file 'l_pelvis.vtp'.
[2026-03-04 15:19:47.164] [warning] Couldn't find file 'femur_r.vtp'.
[2026-03-04 15:19:47.164] [warning] Couldn't find file 'tibia_r.vtp'.
[2026-03-04 15:19:47.164] [warning] Couldn't find file 'fibula.vtp'.
[2026-03-04 15:19:47.164] [warning] Couldn't find file 'talus.vtp'.
[2026-03-04 15:19:47.164] [warning] Couldn't find file 'foot.vtp'.
[2026-03-04 15:19:47.164] [warning] Couldn't find file 'bofoot.vtp'.
[2026-03-04 15:19:47.164] [warning] Couldn't find file 'femur_l.vtp'.
[2026-03-04 15:19:47.164] [warning] Couldn't find file 'tibia_l.vtp'.
[2026-03-04 15:19:47.165] [warning] Couldn't find file 'l_fibula.vtp'.
[2026-03-04 15:19:47.165] [warning] Couldn't find file 'l_talus.vtp'.
[2026-03-04 15:19:47.165] [warning] Couldn't find file 'l_foot.vtp'.
[2026-03-04 15:19:47.165] [warning] Couldn't find file 'l_bofoot.vtp'.
[2026-03-04 15:19:47.165] [warning] Couldn't find file 'hat_spine.vtp'.
[2026-03-04 15:19:47.165] [warning] Couldn't find file 'hat_jaw.vtp'.
[2026-03-04 15:19:47.165] [warning] Couldn't find file 'hat_skull.vtp'.
[2026-03-04 15:19:47.165] [warning] Couldn't find file 'hat_ribs.vtp'.
[2026-03-04 15:20:03.601] [info] Updating Model file from 40000 to latest format...
[2026-03-04 15:20:03.616] [info] Loaded model 3DGaitModel2392 from file gait2392_simbody.osim
[2026-03-04 15:20:03.617] [warning] Couldn't find file 'treadmill.vtp'.
[2026-03-04 15:20:03.618] [warning] Couldn't find file 'sacrum.vtp'.
[2026-03-04 15:20:03.618] [warning] Couldn't find file 'pelvis.vtp'.
[2026-03-04 15:20:03.618] [warning] Couldn't find file 'l_pelvis.vtp'.
[2026-03-04 15:20:03.618] [warning] Couldn't find file 'femur_r.vtp'.
[2026-03-04 15:20:03.618] [warning] Couldn't find file 'tibia_r.vtp'.
[2026-03-04 15:20:03.618] [warning] Couldn't find file 'fibula.vtp'.
[2026-03-04 15:20:03.618] [warning] Couldn't find file 'talus.vtp'.
[2026-03-04 15:20:03.618] [warning] Couldn't find file 'foot.vtp'.
[2026-03-04 15:20:03.618] [warning] Couldn't find file 'bofoot.vtp'.
[2026-03-04 15:20:03.618] [warning] Couldn't find file 'femur_l.vtp'.
[2026-03-04 15:20:03.618] [warning] Couldn't find file 'tibia_l.vtp'.
[2026-03-04 15:20:03.618] [warning] Couldn't find file 'l_fibula.vtp'.
[2026-03-04 15:20:03.618] [warning] Couldn't find file 'l_talus.vtp'.
[2026-03-04 15:20:03.618] [warning] Couldn't find file 'l_foot.vtp'.
[2026-03-04 15:20:03.618] [warning] Couldn't find file 'l_bofoot.vtp'.
[2026-03-04 15:20:03.618] [warning] Couldn't find file 'hat_spine.vtp'.
[2026-03-04 15:20:03.618] [warning] Couldn't find file 'hat_jaw.vtp'.
[2026-03-04 15:20:03.618] [warning] Couldn't find file 'hat_skull.vtp'.
[2026-03-04 15:20:03.619] [warning] Couldn't find file 'hat_ribs.vtp'.
[2026-03-04 17:42:52.785] [info] Updating Model file from 40000 to latest format...
[2026-03-04 17:42:52.858] [info] Loaded model 3DGaitModel2392 from file gait2392_simbody.osim
[2026-03-04 17:42:52.860] [warning] Couldn't find file 'treadmill.vtp'.
[2026-03-04 17:42:52.860] [warning] Couldn't find file 'sacrum.vtp'.
[2026-03-04 17:42:52.860] [warning] Couldn't find file 'pelvis.vtp'.
[2026-03-04 17:42:52.860] [warning] Couldn't find file 'l_pelvis.vtp'.
[2026-03-04 17:42:52.860] [warning] Couldn't find file 'femur_r.vtp'.
[2026-03-04 17:42:52.860] [warning] Couldn't find file 'tibia_r.vtp'.
[2026-03-04 17:42:52.860] [warning] Couldn't find file 'fibula.vtp'.
[2026-03-04 17:42:52.860] [warning] Couldn't find file 'talus.vtp'.
[2026-03-04 17:42:52.860] [warning] Couldn't find file 'foot.vtp'.
[2026-03-04 17:42:52.860] [warning] Couldn't find file 'bofoot.vtp'.
[2026-03-04 17:42:52.860] [warning] Couldn't find file 'femur_l.vtp'.
[2026-03-04 17:42:52.860] [warning] Couldn't find file 'tibia_l.vtp'.
[2026-03-04 17:42:52.860] [warning] Couldn't find file 'l_fibula.vtp'.
[2026-03-04 17:42:52.860] [warning] Couldn't find file 'l_talus.vtp'.
[2026-03-04 17:42:52.860] [warning] Couldn't find file 'l_foot.vtp'.
[2026-03-04 17:42:52.860] [warning] Couldn't find file 'l_bofoot.vtp'.
[2026-03-04 17:42:52.861] [warning] Couldn't find file 'hat_spine.vtp'.
[2026-03-04 17:42:52.861] [warning] Couldn't find file 'hat_jaw.vtp'.
[2026-03-04 17:42:52.861] [warning] Couldn't find file 'hat_skull.vtp'.
[2026-03-04 17:42:52.861] [warning] Couldn't find file 'hat_ribs.vtp'.
[2026-03-04 17:50:48.368] [info] Updating Model file from 40000 to latest format...
[2026-03-04 17:50:48.388] [info] Loaded model 3DGaitModel2392 from file gait2392_simbody.osim
[2026-03-04 17:50:48.389] [warning] Couldn't find file 'treadmill.vtp'.
[2026-03-04 17:50:48.389] [warning] Couldn't find file 'sacrum.vtp'.
[2026-03-04 17:50:48.389] [warning] Couldn't find file 'pelvis.vtp'.
[2026-03-04 17:50:48.389] [warning] Couldn't find file 'l_pelvis.vtp'.
[2026-03-04 17:50:48.389] [warning] Couldn't find file 'femur_r.vtp'.
[2026-03-04 17:50:48.389] [warning] Couldn't find file 'tibia_r.vtp'.
[2026-03-04 17:50:48.389] [warning] Couldn't find file 'fibula.vtp'.
[2026-03-04 17:50:48.389] [warning] Couldn't find file 'talus.vtp'.
[2026-03-04 17:50:48.389] [warning] Couldn't find file 'foot.vtp'.
[2026-03-04 17:50:48.389] [warning] Couldn't find file 'bofoot.vtp'.
[2026-03-04 17:50:48.389] [warning] Couldn't find file 'femur_l.vtp'.
[2026-03-04 17:50:48.389] [warning] Couldn't find file 'tibia_l.vtp'.
[2026-03-04 17:50:48.389] [warning] Couldn't find file 'l_fibula.vtp'.
[2026-03-04 17:50:48.389] [warning] Couldn't find file 'l_talus.vtp'.
[2026-03-04 17:50:48.389] [warning] Couldn't find file 'l_foot.vtp'.
[2026-03-04 17:50:48.389] [warning] Couldn't find file 'l_bofoot.vtp'.
[2026-03-04 17:50:48.389] [warning] Couldn't find file 'hat_spine.vtp'.
[2026-03-04 17:50:48.390] [warning] Couldn't find file 'hat_jaw.vtp'.
[2026-03-04 17:50:48.390] [warning] Couldn't find file 'hat_skull.vtp'.
[2026-03-04 17:50:48.390] [warning] Couldn't find file 'hat_ribs.vtp'.
[2026-03-04 17:56:22.839] [info] Updating Model file from 40000 to latest format...
[2026-03-04 17:56:22.856] [info] Loaded model 3DGaitModel2392 from file gait2392_simbody.osim
[2026-03-04 17:56:22.856] [warning] Couldn't find file 'treadmill.vtp'.
[2026-03-04 17:56:22.856] [warning] Couldn't find file 'sacrum.vtp'.
[2026-03-04 17:56:22.857] [warning] Couldn't find file 'pelvis.vtp'.
[2026-03-04 17:56:22.857] [warning] Couldn't find file 'l_pelvis.vtp'.
[2026-03-04 17:56:22.857] [warning] Couldn't find file 'femur_r.vtp'.
[2026-03-04 17:56:22.857] [warning] Couldn't find file 'tibia_r.vtp'.
[2026-03-04 17:56:22.857] [warning] Couldn't find file 'fibula.vtp'.
[2026-03-04 17:56:22.857] [warning] Couldn't find file 'talus.vtp'.
[2026-03-04 17:56:22.857] [warning] Couldn't find file 'foot.vtp'.
[2026-03-04 17:56:22.857] [warning] Couldn't find file 'bofoot.vtp'.
[2026-03-04 17:56:22.857] [warning] Couldn't find file 'femur_l.vtp'.
[2026-03-04 17:56:22.857] [warning] Couldn't find file 'tibia_l.vtp'.
[2026-03-04 17:56:22.857] [warning] Couldn't find file 'l_fibula.vtp'.
[2026-03-04 17:56:22.857] [warning] Couldn't find file 'l_talus.vtp'.
[2026-03-04 17:56:22.857] [warning] Couldn't find file 'l_foot.vtp'.
[2026-03-04 17:56:22.857] [warning] Couldn't find file 'l_bofoot.vtp'.
[2026-03-04 17:56:22.857] [warning] Couldn't find file 'hat_spine.vtp'.
[2026-03-04 17:56:22.857] [warning] Couldn't find file 'hat_jaw.vtp'.
[2026-03-04 17:56:22.857] [warning] Couldn't find file 'hat_skull.vtp'.
[2026-03-04 17:56:22.857] [warning] Couldn't find file 'hat_ribs.vtp'.
[2026-03-04 17:57:43.424] [info] Updating Model file from 40000 to latest format...
[2026-03-04 17:57:43.443] [info] Loaded model 3DGaitModel2392 from file gait2392_simbody.osim
[2026-03-04 17:57:43.444] [warning] Couldn't find file 'treadmill.vtp'.
[2026-03-04 17:57:43.444] [warning] Couldn't find file 'sacrum.vtp'.
[2026-03-04 17:57:43.444] [warning] Couldn't find file 'pelvis.vtp'.
[2026-03-04 17:57:43.444] [warning] Couldn't find file 'l_pelvis.vtp'.
[2026-03-04 17:57:43.444] [warning] Couldn't find file 'femur_r.vtp'.
[2026-03-04 17:57:43.444] [warning] Couldn't find file 'tibia_r.vtp'.
[2026-03-04 17:57:43.444] [warning] Couldn't find file 'fibula.vtp'.
[2026-03-04 17:57:43.444] [warning] Couldn't find file 'talus.vtp'.
[2026-03-04 17:57:43.444] [warning] Couldn't find file 'foot.vtp'.
[2026-03-04 17:57:43.444] [warning] Couldn't find file 'bofoot.vtp'.
[2026-03-04 17:57:43.444] [warning] Couldn't find file 'femur_l.vtp'.
[2026-03-04 17:57:43.444] [warning] Couldn't find file 'tibia_l.vtp'.
[2026-03-04 17:57:43.444] [warning] Couldn't find file 'l_fibula.vtp'.
[2026-03-04 17:57:43.444] [warning] Couldn't find file 'l_talus.vtp'.
[2026-03-04 17:57:43.444] [warning] Couldn't find file 'l_foot.vtp'.
[2026-03-04 17:57:43.445] [warning] Couldn't find file 'l_bofoot.vtp'.
[2026-03-04 17:57:43.445] [warning] Couldn't find file 'hat_spine.vtp'.
[2026-03-04 17:57:43.445] [warning] Couldn't find file 'hat_jaw.vtp'.
[2026-03-04 17:57:43.445] [warning] Couldn't find file 'hat_skull.vtp'.
[2026-03-04 17:57:43.445] [warning] Couldn't find file 'hat_ribs.vtp'.
[2026-03-04 18:07:49.503] [info] Updating Model file from 40000 to latest format...
[2026-03-04 18:07:49.525] [info] Loaded model 3DGaitModel2392 from file gait2392_simbody.osim
[2026-03-04 18:07:49.526] [warning] Couldn't find file 'treadmill.vtp'.
[2026-03-04 18:07:49.526] [warning] Couldn't find file 'sacrum.vtp'.
[2026-03-04 18:07:49.526] [warning] Couldn't find file 'pelvis.vtp'.
[2026-03-04 18:07:49.526] [warning] Couldn't find file 'l_pelvis.vtp'.
[2026-03-04 18:07:49.526] [warning] Couldn't find file 'femur_r.vtp'.
[2026-03-04 18:07:49.526] [warning] Couldn't find file 'tibia_r.vtp'.
[2026-03-04 18:07:49.527] [warning] Couldn't find file 'fibula.vtp'.
[2026-03-04 18:07:49.527] [warning] Couldn't find file 'talus.vtp'.
[2026-03-04 18:07:49.527] [warning] Couldn't find file 'foot.vtp'.
[2026-03-04 18:07:49.527] [warning] Couldn't find file 'bofoot.vtp'.
[2026-03-04 18:07:49.527] [warning] Couldn't find file 'femur_l.vtp'.
[2026-03-04 18:07:49.527] [warning] Couldn't find file 'tibia_l.vtp'.
[2026-03-04 18:07:49.527] [warning] Couldn't find file 'l_fibula.vtp'.
[2026-03-04 18:07:49.527] [warning] Couldn't find file 'l_talus.vtp'.
[2026-03-04 18:07:49.527] [warning] Couldn't find file 'l_foot.vtp'.
[2026-03-04 18:07:49.527] [warning] Couldn't find file 'l_bofoot.vtp'.
[2026-03-04 18:07:49.527] [warning] Couldn't find file 'hat_spine.vtp'.
[2026-03-04 18:07:49.527] [warning] Couldn't find file 'hat_jaw.vtp'.
[2026-03-04 18:07:49.527] [warning] Couldn't find file 'hat_skull.vtp'.
[2026-03-04 18:07:49.527] [warning] Couldn't find file 'hat_ribs.vtp'.
[2026-03-04 18:08:01.321] [info] Updating Model file from 40000 to latest format...
[2026-03-04 18:08:01.342] [info] Loaded model 3DGaitModel2392 from file gait2392_simbody.osim
[2026-03-04 18:08:01.343] [warning] Couldn't find file 'treadmill.vtp'.
[2026-03-04 18:08:01.343] [warning] Couldn't find file 'sacrum.vtp'.
[2026-03-04 18:08:01.343] [warning] Couldn't find file 'pelvis.vtp'.
[2026-03-04 18:08:01.343] [warning] Couldn't find file 'l_pelvis.vtp'.
[2026-03-04 18:08:01.343] [warning] Couldn't find file 'femur_r.vtp'.
[2026-03-04 18:08:01.343] [warning] Couldn't find file 'tibia_r.vtp'.
[2026-03-04 18:08:01.343] [warning] Couldn't find file 'fibula.vtp'.
[2026-03-04 18:08:01.343] [warning] Couldn't find file 'talus.vtp'.
[2026-03-04 18:08:01.343] [warning] Couldn't find file 'foot.vtp'.
[2026-03-04 18:08:01.343] [warning] Couldn't find file 'bofoot.vtp'.
[2026-03-04 18:08:01.343] [warning] Couldn't find file 'femur_l.vtp'.
[2026-03-04 18:08:01.343] [warning] Couldn't find file 'tibia_l.vtp'.
[2026-03-04 18:08:01.343] [warning] Couldn't find file 'l_fibula.vtp'.
[2026-03-04 18:08:01.343] [warning] Couldn't find file 'l_talus.vtp'.
[2026-03-04 18:08:01.343] [warning] Couldn't find file 'l_foot.vtp'.
[2026-03-04 18:08:01.343] [warning] Couldn't find file 'l_bofoot.vtp'.
[2026-03-04 18:08:01.343] [warning] Couldn't find file 'hat_spine.vtp'.
[2026-03-04 18:08:01.343] [warning] Couldn't find file 'hat_jaw.vtp'.
[2026-03-04 18:08:01.343] [warning] Couldn't find file 'hat_skull.vtp'.
[2026-03-04 18:08:01.343] [warning] Couldn't find file 'hat_ribs.vtp'.
[2026-03-04 18:12:44.145] [info] Updating Model file from 40000 to latest format...
[2026-03-04 18:12:44.164] [info] Loaded model 3DGaitModel2392 from file gait2392_simbody.osim
[2026-03-04 18:12:44.164] [warning] Couldn't find file 'treadmill.vtp'.
[2026-03-04 18:12:44.164] [warning] Couldn't find file 'sacrum.vtp'.
[2026-03-04 18:12:44.164] [warning] Couldn't find file 'pelvis.vtp'.
[2026-03-04 18:12:44.164] [warning] Couldn't find file 'l_pelvis.vtp'.
[2026-03-04 18:12:44.164] [warning] Couldn't find file 'femur_r.vtp'.
[2026-03-04 18:12:44.164] [warning] Couldn't find file 'tibia_r.vtp'.
[2026-03-04 18:12:44.164] [warning] Couldn't find file 'fibula.vtp'.
[2026-03-04 18:12:44.164] [warning] Couldn't find file 'talus.vtp'.
[2026-03-04 18:12:44.164] [warning] Couldn't find file 'foot.vtp'.
[2026-03-04 18:12:44.165] [warning] Couldn't find file 'bofoot.vtp'.
[2026-03-04 18:12:44.165] [warning] Couldn't find file 'femur_l.vtp'.
[2026-03-04 18:12:44.165] [warning] Couldn't find file 'tibia_l.vtp'.
[2026-03-04 18:12:44.165] [warning] Couldn't find file 'l_fibula.vtp'.
[2026-03-04 18:12:44.165] [warning] Couldn't find file 'l_talus.vtp'.
[2026-03-04 18:12:44.165] [warning] Couldn't find file 'l_foot.vtp'.
[2026-03-04 18:12:44.165] [warning] Couldn't find file 'l_bofoot.vtp'.
[2026-03-04 18:12:44.165] [warning] Couldn't find file 'hat_spine.vtp'.
[2026-03-04 18:12:44.165] [warning] Couldn't find file 'hat_jaw.vtp'.
[2026-03-04 18:12:44.165] [warning] Couldn't find file 'hat_skull.vtp'.
[2026-03-04 18:12:44.165] [warning] Couldn't find file 'hat_ribs.vtp'.
[2026-03-04 18:13:50.074] [info] Updating Model file from 40000 to latest format...
[2026-03-04 18:13:50.092] [info] Loaded model 3DGaitModel2392 from file gait2392_simbody.osim
[2026-03-04 18:13:50.093] [warning] Couldn't find file 'treadmill.vtp'.
[2026-03-04 18:13:50.093] [warning] Couldn't find file 'sacrum.vtp'.
[2026-03-04 18:13:50.093] [warning] Couldn't find file 'pelvis.vtp'.
[2026-03-04 18:13:50.093] [warning] Couldn't find file 'l_pelvis.vtp'.
[2026-03-04 18:13:50.093] [warning] Couldn't find file 'femur_r.vtp'.
[2026-03-04 18:13:50.093] [warning] Couldn't find file 'tibia_r.vtp'.
[2026-03-04 18:13:50.093] [warning] Couldn't find file 'fibula.vtp'.
[2026-03-04 18:13:50.093] [warning] Couldn't find file 'talus.vtp'.
[2026-03-04 18:13:50.093] [warning] Couldn't find file 'foot.vtp'.
[2026-03-04 18:13:50.093] [warning] Couldn't find file 'bofoot.vtp'.
[2026-03-04 18:13:50.093] [warning] Couldn't find file 'femur_l.vtp'.
[2026-03-04 18:13:50.093] [warning] Couldn't find file 'tibia_l.vtp'.
[2026-03-04 18:13:50.093] [warning] Couldn't find file 'l_fibula.vtp'.
[2026-03-04 18:13:50.093] [warning] Couldn't find file 'l_talus.vtp'.
[2026-03-04 18:13:50.093] [warning] Couldn't find file 'l_foot.vtp'.
[2026-03-04 18:13:50.093] [warning] Couldn't find file 'l_bofoot.vtp'.
[2026-03-04 18:13:50.094] [warning] Couldn't find file 'hat_spine.vtp'.
[2026-03-04 18:13:50.094] [warning] Couldn't find file 'hat_jaw.vtp'.
[2026-03-04 18:13:50.094] [warning] Couldn't find file 'hat_skull.vtp'.
[2026-03-04 18:13:50.094] [warning] Couldn't find file 'hat_ribs.vtp'.
[2026-03-04 18:14:39.174] [info] Updating Model file from 40000 to latest format...
[2026-03-04 18:14:39.195] [info] Loaded model 3DGaitModel2392 from file gait2392_simbody.osim
[2026-03-04 18:14:39.195] [warning] Couldn't find file 'treadmill.vtp'.
[2026-03-04 18:14:39.196] [warning] Couldn't find file 'sacrum.vtp'.
[2026-03-04 18:14:39.196] [warning] Couldn't find file 'pelvis.vtp'.
[2026-03-04 18:14:39.196] [warning] Couldn't find file 'l_pelvis.vtp'.
[2026-03-04 18:14:39.196] [warning] Couldn't find file 'femur_r.vtp'.
[2026-03-04 18:14:39.196] [warning] Couldn't find file 'tibia_r.vtp'.
[2026-03-04 18:14:39.196] [warning] Couldn't find file 'fibula.vtp'.
[2026-03-04 18:14:39.196] [warning] Couldn't find file 'talus.vtp'.
[2026-03-04 18:14:39.196] [warning] Couldn't find file 'foot.vtp'.
[2026-03-04 18:14:39.196] [warning] Couldn't find file 'bofoot.vtp'.
[2026-03-04 18:14:39.196] [warning] Couldn't find file 'femur_l.vtp'.
[2026-03-04 18:14:39.196] [warning] Couldn't find file 'tibia_l.vtp'.
[2026-03-04 18:14:39.196] [warning] Couldn't find file 'l_fibula.vtp'.
[2026-03-04 18:14:39.196] [warning] Couldn't find file 'l_talus.vtp'.
[2026-03-04 18:14:39.196] [warning] Couldn't find file 'l_foot.vtp'.
[2026-03-04 18:14:39.196] [warning] Couldn't find file 'l_bofoot.vtp'.
[2026-03-04 18:14:39.196] [warning] Couldn't find file 'hat_spine.vtp'.
[2026-03-04 18:14:39.196] [warning] Couldn't find file 'hat_jaw.vtp'.
[2026-03-04 18:14:39.196] [warning] Couldn't find file 'hat_skull.vtp'.
[2026-03-04 18:14:39.196] [warning] Couldn't find file 'hat_ribs.vtp'.
[2026-03-04 18:15:53.038] [info] Updating Model file from 40000 to latest format...
[2026-03-04 18:15:53.061] [info] Loaded model 3DGaitModel2392 from file gait2392_simbody.osim
[2026-03-04 18:15:53.062] [warning] Couldn't find file 'treadmill.vtp'.
[2026-03-04 18:15:53.062] [warning] Couldn't find file 'sacrum.vtp'.
[2026-03-04 18:15:53.062] [warning] Couldn't find file 'pelvis.vtp'.
[2026-03-04 18:15:53.062] [warning] Couldn't find file 'l_pelvis.vtp'.
[2026-03-04 18:15:53.062] [warning] Couldn't find file 'femur_r.vtp'.
[2026-03-04 18:15:53.062] [warning] Couldn't find file 'tibia_r.vtp'.
[2026-03-04 18:15:53.062] [warning] Couldn't find file 'fibula.vtp'.
[2026-03-04 18:15:53.062] [warning] Couldn't find file 'talus.vtp'.
[2026-03-04 18:15:53.062] [warning] Couldn't find file 'foot.vtp'.
[2026-03-04 18:15:53.062] [warning] Couldn't find file 'bofoot.vtp'.
[2026-03-04 18:15:53.062] [warning] Couldn't find file 'femur_l.vtp'.
[2026-03-04 18:15:53.062] [warning] Couldn't find file 'tibia_l.vtp'.
[2026-03-04 18:15:53.062] [warning] Couldn't find file 'l_fibula.vtp'.
[2026-03-04 18:15:53.062] [warning] Couldn't find file 'l_talus.vtp'.
[2026-03-04 18:15:53.063] [warning] Couldn't find file 'l_foot.vtp'.
[2026-03-04 18:15:53.063] [warning] Couldn't find file 'l_bofoot.vtp'.
[2026-03-04 18:15:53.063] [warning] Couldn't find file 'hat_spine.vtp'.
[2026-03-04 18:15:53.063] [warning] Couldn't find file 'hat_jaw.vtp'.
[2026-03-04 18:15:53.063] [warning] Couldn't find file 'hat_skull.vtp'.
[2026-03-04 18:15:53.063] [warning] Couldn't find file 'hat_ribs.vtp'.
[2026-03-04 18:20:02.439] [info] Updating Model file from 40000 to latest format...
[2026-03-04 18:20:02.461] [info] Loaded model 3DGaitModel2392 from file gait2392_simbody.osim
[2026-03-04 18:20:02.462] [warning] Couldn't find file 'treadmill.vtp'.
[2026-03-04 18:20:02.462] [warning] Couldn't find file 'sacrum.vtp'.
[2026-03-04 18:20:02.462] [warning] Couldn't find file 'pelvis.vtp'.
[2026-03-04 18:20:02.463] [warning] Couldn't find file 'l_pelvis.vtp'.
[2026-03-04 18:20:02.463] [warning] Couldn't find file 'femur_r.vtp'.
[2026-03-04 18:20:02.463] [warning] Couldn't find file 'tibia_r.vtp'.
[2026-03-04 18:20:02.463] [warning] Couldn't find file 'fibula.vtp'.
[2026-03-04 18:20:02.463] [warning] Couldn't find file 'talus.vtp'.
[2026-03-04 18:20:02.463] [warning] Couldn't find file 'foot.vtp'.
[2026-03-04 18:20:02.463] [warning] Couldn't find file 'bofoot.vtp'.
[2026-03-04 18:20:02.463] [warning] Couldn't find file 'femur_l.vtp'.
[2026-03-04 18:20:02.463] [warning] Couldn't find file 'tibia_l.vtp'.
[2026-03-04 18:20:02.463] [warning] Couldn't find file 'l_fibula.vtp'.
[2026-03-04 18:20:02.463] [warning] Couldn't find file 'l_talus.vtp'.
[2026-03-04 18:20:02.463] [warning] Couldn't find file 'l_foot.vtp'.
[2026-03-04 18:20:02.463] [warning] Couldn't find file 'l_bofoot.vtp'.
[2026-03-04 18:20:02.463] [warning] Couldn't find file 'hat_spine.vtp'.
[2026-03-04 18:20:02.463] [warning] Couldn't find file 'hat_jaw.vtp'.
[2026-03-04 18:20:02.463] [warning] Couldn't find file 'hat_skull.vtp'.
[2026-03-04 18:20:02.463] [warning] Couldn't find file 'hat_ribs.vtp'.
[2026-03-04 18:20:43.430] [info] Updating Model file from 40000 to latest format...
[2026-03-04 18:20:43.454] [info] Loaded model 3DGaitModel2392 from file gait2392_simbody.osim
[2026-03-04 18:20:43.454] [warning] Couldn't find file 'treadmill.vtp'.
[2026-03-04 18:20:43.454] [warning] Couldn't find file 'sacrum.vtp'.
[2026-03-04 18:20:43.455] [warning] Couldn't find file 'pelvis.vtp'.
[2026-03-04 18:20:43.455] [warning] Couldn't find file 'l_pelvis.vtp'.
[2026-03-04 18:20:43.455] [warning] Couldn't find file 'femur_r.vtp'.
[2026-03-04 18:20:43.455] [warning] Couldn't find file 'tibia_r.vtp'.
[2026-03-04 18:20:43.455] [warning] Couldn't find file 'fibula.vtp'.
[2026-03-04 18:20:43.455] [warning] Couldn't find file 'talus.vtp'.
[2026-03-04 18:20:43.455] [warning] Couldn't find file 'foot.vtp'.
[2026-03-04 18:20:43.455] [warning] Couldn't find file 'bofoot.vtp'.
[2026-03-04 18:20:43.455] [warning] Couldn't find file 'femur_l.vtp'.
[2026-03-04 18:20:43.455] [warning] Couldn't find file 'tibia_l.vtp'.
[2026-03-04 18:20:43.455] [warning] Couldn't find file 'l_fibula.vtp'.
[2026-03-04 18:20:43.455] [warning] Couldn't find file 'l_talus.vtp'.
[2026-03-04 18:20:43.455] [warning] Couldn't find file 'l_foot.vtp'.
[2026-03-04 18:20:43.455] [warning] Couldn't find file 'l_bofoot.vtp'.
[2026-03-04 18:20:43.455] [warning] Couldn't find file 'hat_spine.vtp'.
[2026-03-04 18:20:43.455] [warning] Couldn't find file 'hat_jaw.vtp'.
[2026-03-04 18:20:43.455] [warning] Couldn't find file 'hat_skull.vtp'.
[2026-03-04 18:20:43.455] [warning] Couldn't find file 'hat_ribs.vtp'.
[2026-03-04 18:21:22.030] [info] Updating Model file from 40000 to latest format...
[2026-03-04 18:21:22.050] [info] Loaded model 3DGaitModel2392 from file gait2392_simbody.osim
[2026-03-04 18:21:22.050] [warning] Couldn't find file 'treadmill.vtp'.
[2026-03-04 18:21:22.050] [warning] Couldn't find file 'sacrum.vtp'.
[2026-03-04 18:21:22.050] [warning] Couldn't find file 'pelvis.vtp'.
[2026-03-04 18:21:22.050] [warning] Couldn't find file 'l_pelvis.vtp'.
[2026-03-04 18:21:22.050] [warning] Couldn't find file 'femur_r.vtp'.
[2026-03-04 18:21:22.050] [warning] Couldn't find file 'tibia_r.vtp'.
[2026-03-04 18:21:22.050] [warning] Couldn't find file 'fibula.vtp'.
[2026-03-04 18:21:22.050] [warning] Couldn't find file 'talus.vtp'.
[2026-03-04 18:21:22.050] [warning] Couldn't find file 'foot.vtp'.
[2026-03-04 18:21:22.050] [warning] Couldn't find file 'bofoot.vtp'.
[2026-03-04 18:21:22.051] [warning] Couldn't find file 'femur_l.vtp'.
[2026-03-04 18:21:22.051] [warning] Couldn't find file 'tibia_l.vtp'.
[2026-03-04 18:21:22.051] [warning] Couldn't find file 'l_fibula.vtp'.
[2026-03-04 18:21:22.051] [warning] Couldn't find file 'l_talus.vtp'.
[2026-03-04 18:21:22.051] [warning] Couldn't find file 'l_foot.vtp'.
[2026-03-04 18:21:22.051] [warning] Couldn't find file 'l_bofoot.vtp'.
[2026-03-04 18:21:22.051] [warning] Couldn't find file 'hat_spine.vtp'.
[2026-03-04 18:21:22.051] [warning] Couldn't find file 'hat_jaw.vtp'.
[2026-03-04 18:21:22.051] [warning] Couldn't find file 'hat_skull.vtp'.
[2026-03-04 18:21:22.051] [warning] Couldn't find file 'hat_ribs.vtp'.
[2026-03-13 12:37:38.205] [info] Updating Model file from 40000 to latest format...
[2026-03-13 12:37:38.249] [info] Loaded model Rajagopal2016 from file Rajagopal2016.osim
[2026-03-13 12:37:38.619] [info] Processing subject Rajagopal2016-scaled...
[2026-03-13 12:37:38.619] [info] Step 1: Loading generic model
[2026-03-13 12:37:38.645] [info] Updating Model file from 40000 to latest format...
[2026-03-13 12:37:38.690] [info] Loaded model Rajagopal2016 from file c:\MLprojects\sbi for walking\Rajagopal2016.osim
[2026-03-13 12:37:39.084] [info] Step 2: Scaling generic model
[2026-03-13 12:37:39.210] [info] Wrote model file 'temp_result.osim' from model.
[2026-03-13 12:37:39.295] [info] Loaded model Rajagopal2016-scaled from file temp_result.osim
[2026-03-13 12:38:51.008] [info] Updating Model file from 40000 to latest format...
[2026-03-13 12:38:51.050] [info] Loaded model Rajagopal2016 from file Rajagopal2016.osim
[2026-03-13 12:38:51.349] [info] Processing subject Rajagopal2016-scaled...
[2026-03-13 12:38:51.349] [info] Step 1: Loading generic model
[2026-03-13 12:38:51.370] [info] Updating Model file from 40000 to latest format...
[2026-03-13 12:38:51.416] [info] Loaded model Rajagopal2016 from file c:\MLprojects\sbi for walking\Rajagopal2016.osim
[2026-03-13 12:38:51.767] [info] Step 2: Scaling generic model
[2026-03-13 12:38:51.924] [info] Wrote model file 'temp_result.osim' from model.
[2026-03-13 12:38:51.995] [info] Loaded model Rajagopal2016-scaled from file temp_result.osim
